[debug] [2019-12-11T15:31:17.457Z] ----------------------------------------------------------------------
[debug] [2019-12-11T15:31:17.462Z] Command:       /usr/bin/node /usr/local/bin/firebase serve
[debug] [2019-12-11T15:31:17.462Z] CLI Version:   7.4.0
[debug] [2019-12-11T15:31:17.462Z] Platform:      linux
[debug] [2019-12-11T15:31:17.462Z] Node Version:  v8.10.0
[debug] [2019-12-11T15:31:17.463Z] Time:          Wed Dec 11 2019 12:31:17 GMT-0300 (-03)
[debug] [2019-12-11T15:31:17.463Z] ----------------------------------------------------------------------
[debug] 
[debug] [2019-12-11T15:31:17.612Z] > command requires scopes: ["email","openid","https://www.googleapis.com/auth/cloudplatformprojects.readonly","https://www.googleapis.com/auth/firebase","https://www.googleapis.com/auth/cloud-platform"]
[debug] [2019-12-11T15:31:17.613Z] > authorizing via signed-in user
[debug] [2019-12-11T15:31:17.613Z] [iam] checking project burger-queen-aff55 for permissions ["firebase.projects.get"]
[debug] [2019-12-11T15:31:17.618Z] > refreshing access token with scopes: ["email","https://www.googleapis.com/auth/cloud-platform","https://www.googleapis.com/auth/cloudplatformprojects.readonly","https://www.googleapis.com/auth/firebase","openid"]
[debug] [2019-12-11T15:31:17.619Z] >>> HTTP REQUEST POST https://www.googleapis.com/oauth2/v3/token  
 <request body omitted>
[debug] [2019-12-11T15:31:18.545Z] <<< HTTP RESPONSE 200
[debug] [2019-12-11T15:31:18.799Z] >>> HTTP REQUEST POST https://cloudresourcemanager.googleapis.com/v1/projects/burger-queen-aff55:testIamPermissions  

[debug] [2019-12-11T15:31:19.942Z] <<< HTTP RESPONSE 200
[debug] [2019-12-11T15:31:19.947Z] >>> HTTP REQUEST GET https://firebase.googleapis.com/v1beta1/projects/burger-queen-aff55  
 
[debug] [2019-12-11T15:31:21.476Z] <<< HTTP RESPONSE 200
[info] 
[info] === Serving from '/home/fabricia/Desktop/SAP003-burger-queen'...
[info] 
[debug] [2019-12-11T15:31:21.483Z] >>> HTTP REQUEST GET https://firebase.googleapis.com/v1beta1/projects/burger-queen-aff55/webApps/-/config  
 
[debug] [2019-12-11T15:31:23.246Z] <<< HTTP RESPONSE 200
[info] i  hosting: Serving hosting files from: public
[info] ✔  hosting: Local server: http://localhost:5000
[debug] [2019-12-11T17:20:56.626Z] ----------------------------------------------------------------------
[debug] [2019-12-11T17:20:56.635Z] Command:       /usr/bin/node /usr/local/bin/firebase serve
[debug] [2019-12-11T17:20:56.636Z] CLI Version:   7.4.0
[debug] [2019-12-11T17:20:56.636Z] Platform:      linux
[debug] [2019-12-11T17:20:56.636Z] Node Version:  v8.10.0
[debug] [2019-12-11T17:20:56.636Z] Time:          Wed Dec 11 2019 14:20:56 GMT-0300 (-03)
[debug] [2019-12-11T17:20:56.636Z] ----------------------------------------------------------------------
[debug] 
[debug] [2019-12-11T17:20:56.688Z] > command requires scopes: ["email","openid","https://www.googleapis.com/auth/cloudplatformprojects.readonly","https://www.googleapis.com/auth/firebase","https://www.googleapis.com/auth/cloud-platform"]
[debug] [2019-12-11T17:20:56.689Z] > authorizing via signed-in user
[debug] [2019-12-11T17:20:56.689Z] [iam] checking project burger-queen-aff55 for permissions ["firebase.projects.get"]
[debug] [2019-12-11T17:20:56.692Z] > refreshing access token with scopes: ["email","https://www.googleapis.com/auth/cloud-platform","https://www.googleapis.com/auth/cloudplatformprojects.readonly","https://www.googleapis.com/auth/firebase","openid"]
[debug] [2019-12-11T17:20:56.692Z] >>> HTTP REQUEST POST https://www.googleapis.com/oauth2/v3/token  
 <request body omitted>
[debug] [2019-12-11T17:20:57.213Z] <<< HTTP RESPONSE 200
[debug] [2019-12-11T17:20:57.261Z] >>> HTTP REQUEST POST https://cloudresourcemanager.googleapis.com/v1/projects/burger-queen-aff55:testIamPermissions  

[debug] [2019-12-11T17:20:58.425Z] <<< HTTP RESPONSE 200
[debug] [2019-12-11T17:20:58.431Z] >>> HTTP REQUEST GET https://firebase.googleapis.com/v1beta1/projects/burger-queen-aff55  
 
[debug] [2019-12-11T17:21:00.061Z] <<< HTTP RESPONSE 200
[info] 
[info] === Serving from '/home/fabricia/Desktop/SAP003-burger-queen'...
[info] 
[debug] [2019-12-11T17:21:00.067Z] >>> HTTP REQUEST GET https://firebase.googleapis.com/v1beta1/projects/burger-queen-aff55/webApps/-/config  
 
[debug] [2019-12-11T17:21:01.905Z] <<< HTTP RESPONSE 200
[warn] ⚠  hosting: Port 5000 is not available. Trying another port...
[info] i  hosting: Serving hosting files from: public
[info] ✔  hosting: Local server: http://localhost:5005
[debug] [2019-12-13T18:48:16.316Z] ----------------------------------------------------------------------
[debug] [2019-12-13T18:48:16.337Z] Command:       /usr/bin/node /usr/local/bin/firebase serve
[debug] [2019-12-13T18:48:16.338Z] CLI Version:   7.4.0
[debug] [2019-12-13T18:48:16.338Z] Platform:      linux
[debug] [2019-12-13T18:48:16.338Z] Node Version:  v8.10.0
[debug] [2019-12-13T18:48:16.338Z] Time:          Fri Dec 13 2019 15:48:16 GMT-0300 (-03)
[debug] [2019-12-13T18:48:16.339Z] ----------------------------------------------------------------------
[debug] 
[debug] [2019-12-13T18:48:16.415Z] > command requires scopes: ["email","openid","https://www.googleapis.com/auth/cloudplatformprojects.readonly","https://www.googleapis.com/auth/firebase","https://www.googleapis.com/auth/cloud-platform"]
[debug] [2019-12-13T18:48:16.416Z] > authorizing via signed-in user
[debug] [2019-12-13T18:48:16.416Z] [iam] checking project burger-queen-aff55 for permissions ["firebase.projects.get"]
[debug] [2019-12-13T18:48:16.422Z] > refreshing access token with scopes: ["email","https://www.googleapis.com/auth/cloud-platform","https://www.googleapis.com/auth/cloudplatformprojects.readonly","https://www.googleapis.com/auth/firebase","openid"]
[debug] [2019-12-13T18:48:16.423Z] >>> HTTP REQUEST POST https://www.googleapis.com/oauth2/v3/token  
 <request body omitted>
[debug] [2019-12-13T18:48:18.051Z] <<< HTTP RESPONSE 200
[debug] [2019-12-13T18:48:18.096Z] >>> HTTP REQUEST POST https://cloudresourcemanager.googleapis.com/v1/projects/burger-queen-aff55:testIamPermissions  

[debug] [2019-12-13T18:48:18.612Z] <<< HTTP RESPONSE 200
[debug] [2019-12-13T18:48:18.617Z] >>> HTTP REQUEST GET https://firebase.googleapis.com/v1beta1/projects/burger-queen-aff55  
 
[debug] [2019-12-13T18:48:20.473Z] <<< HTTP RESPONSE 200
[info] 
[info] === Serving from '/home/fabricia/Desktop/SAP003-burger-queen'...
[info] 
[debug] [2019-12-13T18:48:20.476Z] >>> HTTP REQUEST GET https://firebase.googleapis.com/v1beta1/projects/burger-queen-aff55/webApps/-/config  
 
[debug] [2019-12-13T18:48:22.625Z] <<< HTTP RESPONSE 200
[info] i  hosting: Serving hosting files from: public
[info] ✔  hosting: Local server: http://localhost:5000
